<?xml version="1.0" encoding="UTF-8"?>
<!-- Generated by org.testng.reporters.JUnitReportReporter -->
<testsuite hostname="Mahesh" failures="0" tests="5" name="selenium.academy.testresources.BasicChecks" time="10.623" errors="0" timestamp="2023-03-15T23:40:09 IST" skipped="0">
  <testcase classname="selenium.academy.testresources.BasicChecks" name="login" time="2.579"/>
  <system-out/>
  <testcase classname="selenium.academy.testresources.BasicChecks" name="verifyForgotPassword" time="2.032"/>
  <system-out/>
  <testcase classname="selenium.academy.testresources.BasicChecks" name="verifyUi" time="1.668"/>
  <system-out/>
  <testcase classname="selenium.academy.testresources.BasicChecks" name="login" time="1.948"/>
  <system-out/>
  <testcase classname="selenium.academy.testresources.BasicChecks" name="getExcelDataTest" time="2.396"/>
  <system-out/>
</testsuite> <!-- selenium.academy.testresources.BasicChecks -->
