<?xml version="1.0" encoding="UTF-8"?>
<!-- Generated by org.testng.reporters.JUnitReportReporter -->
<testsuite hostname="Mahesh" failures="0" tests="7" name="selenium.academy.testresources.BasicChecks" time="21.834" errors="0" timestamp="2023-03-17T23:59:14 IST" skipped="0">
  <testcase classname="selenium.academy.testresources.BasicChecks" name="login" time="1.917"/>
  <system-out/>
  <testcase classname="selenium.academy.testresources.BasicChecks" name="verifyForgotPassword" time="3.173"/>
  <system-out/>
  <testcase classname="selenium.academy.testresources.BasicChecks" name="login" time="5.313"/>
  <system-out/>
  <testcase classname="selenium.academy.testresources.BasicChecks" name="login" time="2.133"/>
  <system-out/>
  <testcase classname="selenium.academy.testresources.BasicChecks" name="verifyUi" time="2.110"/>
  <system-out/>
  <testcase classname="selenium.academy.testresources.BasicChecks" name="login" time="2.030"/>
  <system-out/>
  <testcase classname="selenium.academy.testresources.BasicChecks" name="getExcelDataTest" time="5.158"/>
  <system-out/>
</testsuite> <!-- selenium.academy.testresources.BasicChecks -->
