<?xml version="1.0" encoding="UTF-8"?>
<!-- Generated by org.testng.reporters.JUnitReportReporter -->
<testsuite hostname="Mahesh" failures="0" tests="3" name="selenium.academy.testresources.BasicChecks" time="15.028" errors="0" timestamp="2023-03-12T23:10:50 IST" skipped="0">
  <testcase classname="selenium.academy.testresources.BasicChecks" name="verifyUi" time="5.757"/>
  <system-out/>
  <testcase classname="selenium.academy.testresources.BasicChecks" name="login" time="4.685"/>
  <system-out/>
  <testcase classname="selenium.academy.testresources.BasicChecks" name="verifyForgotPassword" time="4.586"/>
  <system-out/>
</testsuite> <!-- selenium.academy.testresources.BasicChecks -->
