<?xml version="1.0" encoding="UTF-8"?>
<!-- Generated by org.testng.reporters.JUnitReportReporter -->
<testsuite hostname="Mahesh" failures="0" tests="8" name="selenium.academy.testresources.BasicChecks" time="29.750" errors="0" timestamp="2023-03-21T23:16:42 IST" skipped="0">
  <testcase classname="selenium.academy.testresources.BasicChecks" name="verifyUi" time="1.896"/>
  <system-out/>
  <testcase classname="selenium.academy.testresources.BasicChecks" name="verifyRegistration" time="3.058"/>
  <system-out/>
  <testcase classname="selenium.academy.testresources.BasicChecks" name="verifyRegistration" time="9.063"/>
  <system-out/>
  <testcase classname="selenium.academy.testresources.BasicChecks" name="verifyForgotPassword" time="3.532"/>
  <system-out/>
  <testcase classname="selenium.academy.testresources.BasicChecks" name="login" time="2.435"/>
  <system-out/>
  <testcase classname="selenium.academy.testresources.BasicChecks" name="login" time="2.420"/>
  <system-out/>
  <testcase classname="selenium.academy.testresources.BasicChecks" name="login" time="3.526"/>
  <system-out/>
  <testcase classname="selenium.academy.testresources.BasicChecks" name="login" time="3.820"/>
  <system-out/>
</testsuite> <!-- selenium.academy.testresources.BasicChecks -->
