<?xml version="1.0" encoding="UTF-8"?>
<!-- Generated by org.testng.reporters.JUnitReportReporter -->
<testsuite hostname="Mahesh" failures="0" tests="1" name="Selenium.Academy.AppTest" time="0.008" errors="0" timestamp="2023-02-23T22:57:05 IST" skipped="0">
  <testcase classname="Selenium.Academy.AppTest" name="shouldAnswerWithTrue" time="0.008"/>
  <system-out/>
</testsuite> <!-- Selenium.Academy.AppTest -->
