<?xml version="1.0" encoding="UTF-8"?>
<!-- Generated by org.testng.reporters.JUnitReportReporter -->
<testsuite hostname="Mahesh" failures="0" tests="1" name="selenium.academy.testresources.LoginTest" time="0.459" errors="0" timestamp="2023-03-07T23:10:42 IST" skipped="0">
  <testcase classname="selenium.academy.testresources.LoginTest" name="login" time="0.459"/>
  <system-out/>
</testsuite> <!-- selenium.academy.testresources.LoginTest -->
