<?xml version="1.0" encoding="UTF-8"?>
<!-- Generated by org.testng.reporters.JUnitReportReporter -->
<testsuite hostname="Mahesh" failures="0" tests="1" name="selenium.academy.testresources.AppTest" time="0.013" errors="0" timestamp="2023-03-18T23:14:03 IST" skipped="0">
  <testcase classname="selenium.academy.testresources.AppTest" name="FirstTest" time="0.013"/>
  <system-out/>
</testsuite> <!-- selenium.academy.testresources.AppTest -->
