<?xml version="1.0" encoding="UTF-8"?>
<!-- Generated by org.testng.reporters.JUnitReportReporter -->
<testsuite hostname="Mahesh" failures="0" tests="8" name="selenium.academy.testresources.BasicChecks" time="29.712" errors="0" timestamp="2023-03-19T00:34:52 IST" skipped="0">
  <testcase classname="selenium.academy.testresources.BasicChecks" name="login" time="5.019"/>
  <system-out/>
  <testcase classname="selenium.academy.testresources.BasicChecks" name="login" time="3.515"/>
  <system-out/>
  <testcase classname="selenium.academy.testresources.BasicChecks" name="verifyRegistration" time="4.122"/>
  <system-out/>
  <testcase classname="selenium.academy.testresources.BasicChecks" name="verifyForgotPassword" time="2.708"/>
  <system-out/>
  <testcase classname="selenium.academy.testresources.BasicChecks" name="login" time="3.825"/>
  <system-out/>
  <testcase classname="selenium.academy.testresources.BasicChecks" name="verifyRegistration" time="4.709"/>
  <system-out/>
  <testcase classname="selenium.academy.testresources.BasicChecks" name="verifyUi" time="2.022"/>
  <system-out/>
  <testcase classname="selenium.academy.testresources.BasicChecks" name="login" time="3.792"/>
  <system-out/>
</testsuite> <!-- selenium.academy.testresources.BasicChecks -->
