<?xml version="1.0" encoding="UTF-8"?>
<!-- Generated by org.testng.reporters.JUnitReportReporter -->
<testsuite hostname="Mahesh" failures="0" tests="8" name="selenium.academy.testcases.BasicChecks" time="31.245" errors="0" timestamp="2023-03-23T23:18:26 IST" skipped="0">
  <testcase classname="selenium.academy.testcases.BasicChecks" name="login" time="4.237"/>
  <system-out/>
  <testcase classname="selenium.academy.testcases.BasicChecks" name="verifyRegistration" time="5.746"/>
  <system-out/>
  <testcase classname="selenium.academy.testcases.BasicChecks" name="verifyForgotPassword" time="3.790"/>
  <system-out/>
  <testcase classname="selenium.academy.testcases.BasicChecks" name="login" time="3.670"/>
  <system-out/>
  <testcase classname="selenium.academy.testcases.BasicChecks" name="login" time="2.357"/>
  <system-out/>
  <testcase classname="selenium.academy.testcases.BasicChecks" name="verifyUi" time="3.323"/>
  <system-out/>
  <testcase classname="selenium.academy.testcases.BasicChecks" name="verifyRegistration" time="3.916"/>
  <system-out/>
  <testcase classname="selenium.academy.testcases.BasicChecks" name="login" time="4.206"/>
  <system-out/>
</testsuite> <!-- selenium.academy.testcases.BasicChecks -->
