<?xml version="1.0" encoding="UTF-8"?>
<!-- Generated by org.testng.reporters.JUnitReportReporter -->
<testsuite hostname="Mahesh" failures="0" tests="2" name="selenium.academy.testresources.BasicChecks" time="8.247" errors="0" timestamp="2023-03-11T23:23:57 IST" skipped="0">
  <testcase classname="selenium.academy.testresources.BasicChecks" name="login" time="2.288"/>
  <system-out/>
  <testcase classname="selenium.academy.testresources.BasicChecks" name="verifyUi" time="5.959"/>
  <system-out/>
</testsuite> <!-- selenium.academy.testresources.BasicChecks -->
